<?xml version="1.0" encoding="UTF-8"?>
<!-- Generated by org.testng.reporters.JUnitXMLReporter -->
<testsuite hostname="SYPULJ53WZ93" ignored="0" name="Test" tests="1" failures="0" timestamp="13 May 2021 15:27:42 GMT" time="0.039" errors="0">
  <testcase name="@BeforeClass setup" time="0.0" classname="demo.Poc.Testcases.BaseClass">
    <failure type="org.testng.TestNGException" message="
Parameter &amp;apos;browser&amp;apos; is required by BeforeClass on method setup but has not been marked @Optional or defined
in C:\Users\Devendra.Mahulkar\OneDrive - Synechron Inc\Desktop\Automation\Synechron_POC\testng.xml">
      <![CDATA[org.testng.TestNGException: 
Parameter 'browser' is required by BeforeClass on method setup but has not been marked @Optional or defined
in C:\Users\Devendra.Mahulkar\OneDrive - Synechron Inc\Desktop\Automation\Synechron_POC\testng.xml
... Removed 23 stack frames]]>
    </failure>
  </testcase> <!-- @BeforeClass setup -->
  <testcase name="@AfterClass tearDown" time="0.0" classname="demo.Poc.Testcases.BaseClass">
    <skipped/>
  </testcase> <!-- @AfterClass tearDown -->
  <testcase name="loginTest" time="0.0" classname="demo.Poc.Testcases.TC_LoginTest_001">
    <skipped/>
  </testcase> <!-- loginTest -->
</testsuite> <!-- Test -->
