<?xml version="1.0" encoding="UTF-8"?>
<!-- Generated by org.testng.reporters.JUnitReportReporter -->
<testsuite skipped="1" hostname="SYPULJ53WZ93" name="demo.Poc.Testcases.TC_LoginTest_001" tests="2" failures="0" timestamp="23 Jun 2021 14:05:53 GMT" time="4.789" errors="1">
  <testcase name="setup" time="4.789" classname="demo.Poc.Testcases.TC_LoginTest_001">
    <error type="org.openqa.selenium.SessionNotCreatedException" message="session not created
from disconnected: received Inspector.detached event
  (Session info: chrome=91.0.4472.77)
Build info: version: &#039;3.14.0&#039;, revision: &#039;aacccce0&#039;, time: &#039;2018-08-02T20:19:58.91Z&#039;
System info: host: &#039;SYPULJ53WZ93&#039;, ip: &#039;192.168.1.108&#039;, os.name: &#039;Windows 10&#039;, os.arch: &#039;amd64&#039;, os.version: &#039;10.0&#039;, java.version: &#039;1.8.0_291&#039;
Driver info: driver.version: ChromeDriver
remote stacktrace: Backtrace:
	Ordinal0 [0x0103C013+2474003]
	Ordinal0 [0x00FD29C1+2042305]
	Ordinal0 [0x00EE2F68+1060712]
	Ordinal0 [0x00ED6214+1008148]
	Ordinal0 [0x00ED56E3+1005283]
	Ordinal0 [0x00ED4258+1000024]
	Ordinal0 [0x00ED3DA5+998821]
	Ordinal0 [0x00EDF164+1044836]
	Ordinal0 [0x00ED3D31+998705]
	Ordinal0 [0x00ED4FAF+1003439]
	Ordinal0 [0x00ED4258+1000024]
	Ordinal0 [0x00ED3DA5+998821]
	Ordinal0 [0x00EDCDDA+1035738]
	Ordinal0 [0x00ED3D31+998705]
	Ordinal0 [0x00ED4FAF+1003439]
	Ordinal0 [0x00ED4258+1000024]
	Ordinal0 [0x00ED3DA5+998821]
	Ordinal0 [0x00EDA929+1026345]
	Ordinal0 [0x00ED3D31+998705]
	Ordinal0 [0x00ED4FAF+1003439]
	Ordinal0 [0x00ED4258+1000024]
	Ordinal0 [0x00ED3DA5+998821]
	Ordinal0 [0x00ED9DBC+1023420]
	Ordinal0 [0x00ED3D31+998705]
	Ordinal0 [0x00ED4FAF+1003439]
	Ordinal0 [0x00ED4258+1000024]
	Ordinal0 [0x00ED3DA5+998821]
	Ordinal0 [0x00ECFA5D+981597]
	Ordinal0 [0x00ED3D31+998705]
	Ordinal0 [0x00ED3A85+998021]
	Ordinal0 [0x00ED3829+997417]
	Ordinal0 [0x00EE4090+1065104]
	Ordinal0 [0x00F2B798+1357720]
	Ordinal0 [0x00F28FAA+1347498]
	Ordinal0 [0x00F266DB+1337051]
	Ordinal0 [0x00F03427+1192999]
	Ordinal0 [0x00F042EE+1196782]
	Ordinal0 [0x00F04279+1196665]
	GetHandleVerifier [0x011C96FC+1590332]
	GetHandleVerifier [0x01278614+2306900]
	GetHandleVerifier [0x010C9E93+543699]
	GetHandleVerifier [0x010C92CE+540686]
	Ordinal0 [0x00FD86BA+2066106]
	Ordinal0 [0x00FDD1C8+2085320]
	Ordinal0 [0x00FDD308+2085640]
	Ordinal0 [0x00FE67F3+2123763]
	BaseThreadInitThunk [0x776EFA29+25]
	RtlGetAppContainerNamedObjectPath [0x77987A7E+286]
	RtlGetAppContainerNamedObjectPath [0x77987A4E+238]
">
      <![CDATA[org.openqa.selenium.SessionNotCreatedException: session not created
from disconnected: received Inspector.detached event
  (Session info: chrome=91.0.4472.77)
Build info: version: '3.14.0', revision: 'aacccce0', time: '2018-08-02T20:19:58.91Z'
System info: host: 'SYPULJ53WZ93', ip: '192.168.1.108', os.name: 'Windows 10', os.arch: 'amd64', os.version: '10.0', java.version: '1.8.0_291'
Driver info: driver.version: ChromeDriver
remote stacktrace: Backtrace:
Ordinal0 [0x0103C013+2474003]
Ordinal0 [0x00FD29C1+2042305]
Ordinal0 [0x00EE2F68+1060712]
Ordinal0 [0x00ED6214+1008148]
Ordinal0 [0x00ED56E3+1005283]
Ordinal0 [0x00ED4258+1000024]
Ordinal0 [0x00ED3DA5+998821]
Ordinal0 [0x00EDF164+1044836]
Ordinal0 [0x00ED3D31+998705]
Ordinal0 [0x00ED4FAF+1003439]
Ordinal0 [0x00ED4258+1000024]
Ordinal0 [0x00ED3DA5+998821]
Ordinal0 [0x00EDCDDA+1035738]
Ordinal0 [0x00ED3D31+998705]
Ordinal0 [0x00ED4FAF+1003439]
Ordinal0 [0x00ED4258+1000024]
Ordinal0 [0x00ED3DA5+998821]
Ordinal0 [0x00EDA929+1026345]
Ordinal0 [0x00ED3D31+998705]
Ordinal0 [0x00ED4FAF+1003439]
Ordinal0 [0x00ED4258+1000024]
Ordinal0 [0x00ED3DA5+998821]
Ordinal0 [0x00ED9DBC+1023420]
Ordinal0 [0x00ED3D31+998705]
Ordinal0 [0x00ED4FAF+1003439]
Ordinal0 [0x00ED4258+1000024]
Ordinal0 [0x00ED3DA5+998821]
Ordinal0 [0x00ECFA5D+981597]
Ordinal0 [0x00ED3D31+998705]
Ordinal0 [0x00ED3A85+998021]
Ordinal0 [0x00ED3829+997417]
Ordinal0 [0x00EE4090+1065104]
Ordinal0 [0x00F2B798+1357720]
Ordinal0 [0x00F28FAA+1347498]
Ordinal0 [0x00F266DB+1337051]
Ordinal0 [0x00F03427+1192999]
Ordinal0 [0x00F042EE+1196782]
Ordinal0 [0x00F04279+1196665]
GetHandleVerifier [0x011C96FC+1590332]
GetHandleVerifier [0x01278614+2306900]
GetHandleVerifier [0x010C9E93+543699]
GetHandleVerifier [0x010C92CE+540686]
Ordinal0 [0x00FD86BA+2066106]
Ordinal0 [0x00FDD1C8+2085320]
Ordinal0 [0x00FDD308+2085640]
Ordinal0 [0x00FE67F3+2123763]
BaseThreadInitThunk [0x776EFA29+25]
RtlGetAppContainerNamedObjectPath [0x77987A7E+286]
RtlGetAppContainerNamedObjectPath [0x77987A4E+238]

at sun.reflect.NativeConstructorAccessorImpl.newInstance0(Native Method)
at sun.reflect.NativeConstructorAccessorImpl.newInstance(Unknown Source)
at sun.reflect.DelegatingConstructorAccessorImpl.newInstance(Unknown Source)
at java.lang.reflect.Constructor.newInstance(Unknown Source)
at org.openqa.selenium.remote.W3CHandshakeResponse.lambda$new$0(W3CHandshakeResponse.java:57)
at org.openqa.selenium.remote.W3CHandshakeResponse.lambda$getResponseFunction$2(W3CHandshakeResponse.java:104)
at org.openqa.selenium.remote.ProtocolHandshake.lambda$createSession$0(ProtocolHandshake.java:122)
at java.util.stream.ReferencePipeline$3$1.accept(Unknown Source)
at java.util.Spliterators$ArraySpliterator.tryAdvance(Unknown Source)
at java.util.stream.ReferencePipeline.forEachWithCancel(Unknown Source)
at java.util.stream.AbstractPipeline.copyIntoWithCancel(Unknown Source)
at java.util.stream.AbstractPipeline.copyInto(Unknown Source)
at java.util.stream.AbstractPipeline.wrapAndCopyInto(Unknown Source)
at java.util.stream.FindOps$FindOp.evaluateSequential(Unknown Source)
at java.util.stream.AbstractPipeline.evaluate(Unknown Source)
at java.util.stream.ReferencePipeline.findFirst(Unknown Source)
at org.openqa.selenium.remote.ProtocolHandshake.createSession(ProtocolHandshake.java:125)
at org.openqa.selenium.remote.ProtocolHandshake.createSession(ProtocolHandshake.java:73)
at org.openqa.selenium.remote.HttpCommandExecutor.execute(HttpCommandExecutor.java:136)
at org.openqa.selenium.remote.service.DriverCommandExecutor.execute(DriverCommandExecutor.java:83)
at org.openqa.selenium.remote.RemoteWebDriver.execute(RemoteWebDriver.java:548)
at org.openqa.selenium.remote.RemoteWebDriver.startSession(RemoteWebDriver.java:212)
at org.openqa.selenium.remote.RemoteWebDriver.<init>(RemoteWebDriver.java:130)
at org.openqa.selenium.chrome.ChromeDriver.<init>(ChromeDriver.java:181)
at org.openqa.selenium.chrome.ChromeDriver.<init>(ChromeDriver.java:168)
at org.openqa.selenium.chrome.ChromeDriver.<init>(ChromeDriver.java:123)
at demo.Poc.Testcases.BaseClass.setup(BaseClass.java:45)
at sun.reflect.NativeMethodAccessorImpl.invoke0(Native Method)
at sun.reflect.NativeMethodAccessorImpl.invoke(Unknown Source)
at sun.reflect.DelegatingMethodAccessorImpl.invoke(Unknown Source)
at java.lang.reflect.Method.invoke(Unknown Source)
at org.testng.internal.MethodInvocationHelper.invokeMethod(MethodInvocationHelper.java:124)
at org.testng.internal.MethodInvocationHelper.invokeMethodConsideringTimeout(MethodInvocationHelper.java:59)
at org.testng.internal.Invoker.invokeConfigurationMethod(Invoker.java:458)
at org.testng.internal.Invoker.invokeConfigurations(Invoker.java:222)
at org.testng.internal.Invoker.invokeConfigurations(Invoker.java:142)
at org.testng.internal.TestMethodWorker.invokeBeforeClassMethods(TestMethodWorker.java:168)
at org.testng.internal.TestMethodWorker.run(TestMethodWorker.java:105)
at org.testng.TestRunner.privateRun(TestRunner.java:648)
at org.testng.TestRunner.run(TestRunner.java:505)
at org.testng.SuiteRunner.runTest(SuiteRunner.java:455)
at org.testng.SuiteRunner.runSequentially(SuiteRunner.java:450)
at org.testng.SuiteRunner.privateRun(SuiteRunner.java:415)
at org.testng.SuiteRunner.run(SuiteRunner.java:364)
at org.testng.SuiteRunnerWorker.runSuite(SuiteRunnerWorker.java:52)
at org.testng.SuiteRunnerWorker.run(SuiteRunnerWorker.java:84)
at org.testng.TestNG.runSuitesSequentially(TestNG.java:1208)
at org.testng.TestNG.runSuitesLocally(TestNG.java:1137)
at org.testng.TestNG.runSuites(TestNG.java:1049)
at org.testng.TestNG.run(TestNG.java:1017)
at org.testng.remote.AbstractRemoteTestNG.run(AbstractRemoteTestNG.java:114)
at org.testng.remote.RemoteTestNG.initAndRun(RemoteTestNG.java:251)
at org.testng.remote.RemoteTestNG.main(RemoteTestNG.java:77)
]]>
    </error>
  </testcase> <!-- setup -->
  <testcase name="loginTest" time="0.000" classname="demo.Poc.Testcases.TC_LoginTest_001">
    <skipped/>
  </testcase> <!-- loginTest -->
</testsuite> <!-- demo.Poc.Testcases.TC_LoginTest_001 -->
